# CVS $Revision$ $Author$ -- Wed Sep  3 00:18:24 2014 -- reformated by prettylst.pl v1.51 (build 24947)
SOURCELONG:System Reference Document	SOURCESHORT:SRD	SOURCEWEB:http://groups.yahoo.com/group/pcgen/files/3.0%20SRD/	SOURCEDATE:2000-01

#Thrown Items (except Shuriken) can be created using the Custom Button on the Inventory Tab

# Equipment Name				Output Name								Required Weapon Proficiency			Type															Contains				Cost		Weight	Slot Needed	Crit Mult	Crit Range	Damage	Modifier		Range		Size		Source Page				Weapon prop. bonus
Stun Grenade									PROFICIENCY:WEAPON|Grenade		TYPE:Weapon.Ranged.Standard.Grenade					COST:30	WT:1				CRITMULT:x1	CRITRANGE:0	DAMAGE:0			RANGE:50	SIZE:M	
Dazzle Grenade									PROFICIENCY:WEAPON|Grenade		TYPE:Weapon.Ranged.Standard.Grenade					COST:30	WT:1				CRITMULT:x1	CRITRANGE:0	DAMAGE:0			RANGE:50	SIZE:M	
Gas Grenade									PROFICIENCY:WEAPON|Grenade		TYPE:Weapon.Ranged.Standard.Grenade					COST:30	WT:1				CRITMULT:x1	CRITRANGE:0	DAMAGE:0			RANGE:50	SIZE:M	
Explosive Grenade									PROFICIENCY:WEAPON|Grenade		TYPE:Weapon.Ranged.Standard.Grenade					COST:30	WT:1				CRITMULT:x1	CRITRANGE:0	DAMAGE:0			RANGE:50	SIZE:M	
Chaff Grenade									PROFICIENCY:WEAPON|Grenade		TYPE:Weapon.Ranged.Standard.Grenade					COST:30	WT:1				CRITMULT:x1	CRITRANGE:0	DAMAGE:0			RANGE:50	SIZE:M	
Aerosol Mist Grenade									PROFICIENCY:WEAPON|Grenade		TYPE:Weapon.Ranged.Standard.Grenade					COST:30	WT:1				CRITMULT:x1	CRITRANGE:0	DAMAGE:0			RANGE:50	SIZE:M	

#MEDIUM ----------------------------------------------------------------------------------------------------------
Laser Pistol									PROFICIENCY:WEAPON|Laser Pistol		TYPE:Weapon.Simple.Ranged.Standard			CONTAINS:UNLIM|Charge		COST:300	WT:1				CRITMULT:x2	CRITRANGE:1	DAMAGE:1d8			RANGE:200	SIZE:M	
Laser Rifle									PROFICIENCY:WEAPON|Laser Rifle		TYPE:Weapon.Simple.Ranged.Standard			CONTAINS:UNLIM|Charge		COST:600	WT:5				CRITMULT:x2	CRITRANGE:2	DAMAGE:1d12			RANGE:750	SIZE:M	
Rocket Pistol									PROFICIENCY:WEAPON|Rocket Pistol		TYPE:Weapon.Simple.Ranged.Standard			CONTAINS:UNLIM|Charge		COST:400	WT:3				CRITMULT:x2	CRITRANGE:1	DAMAGE:1d10			RANGE:100	SIZE:M	
Rocket Rifle									PROFICIENCY:WEAPON|Rocket Rifle		TYPE:Weapon.Simple.Ranged.Standard			CONTAINS:UNLIM|Charge		COST:500	WT:6				CRITMULT:x2	CRITRANGE:1	DAMAGE:2d8			RANGE:500	SIZE:M	
Needle Gun									PROFICIENCY:WEAPON|Needle Gun		TYPE:Weapon.Simple.Ranged.Standard			CONTAINS:UNLIM|Charge		COST:200	WT:2				CRITMULT:x2	CRITRANGE:1	DAMAGE:1d3			RANGE:75	SIZE:M	
Bolt Gun									PROFICIENCY:WEAPON|Bolt Gun		TYPE:Weapon.Simple.Ranged.Standard			CONTAINS:UNLIM|Charge		COST:250	WT:2				CRITMULT:x2	CRITRANGE:1	DAMAGE:1d4			RANGE:100	SIZE:M	
Heat Gun									PROFICIENCY:WEAPON|Heat Gun		TYPE:Weapon.Simple.Ranged.Standard			CONTAINS:UNLIM|Charge		COST:400	WT:6				CRITMULT:x2	CRITRANGE:1	DAMAGE:2d6			RANGE:15	SIZE:M	
Microwave Gun									PROFICIENCY:WEAPON|Microwave Gun		TYPE:Weapon.Simple.Ranged.Standard			CONTAINS:UNLIM|Charge		COST:350	WT:2				CRITMULT:x2	CRITRANGE:1	DAMAGE:1d10			RANGE:100	SIZE:M	
Sonic Stunner									PROFICIENCY:WEAPON|Sonic Stunner		TYPE:Weapon.Simple.Ranged.Standard			CONTAINS:UNLIM|Charge		COST:300	WT:2				CRITMULT:x2	CRITRANGE:1	DAMAGE:Special			RANGE:10	SIZE:M	
Dryfoot Crossbow									PROFICIENCY:WEAPON|Dryfoot Crossbow		TYPE:Weapon.Simple.Ranged.Standard			CONTAINS:UNLIM|Charge		COST:100	WT:2				CRITMULT:x2	CRITRANGE:1	DAMAGE:1d8			RANGE:50	SIZE:M	
Grenade Launcher									PROFICIENCY:WEAPON|Grenade Launcher		TYPE:Weapon.Simple.Ranged.Standard			CONTAINS:UNLIM|Charge		COST:500	WT:3				CRITMULT:x2	CRITRANGE:1	DAMAGE:Special			RANGE:50	SIZE:M	
Rocket Launcher									PROFICIENCY:WEAPON|Rocket Launcher		TYPE:Weapon.Simple.Ranged.Standard			CONTAINS:UNLIM|Charge		COST:1000	WT:30				CRITMULT:x2	CRITRANGE:1	DAMAGE:5d10			RANGE:250	SIZE:M	
Plasma Thrower									PROFICIENCY:WEAPON|Plasma Thrower		TYPE:Weapon.Simple.Ranged.Standard			CONTAINS:UNLIM|Charge		COST:800	WT:35				CRITMULT:x2	CRITRANGE:1	DAMAGE:4d10			RANGE:100	SIZE:M	

